 KNR08 P   5 51 53.8    1.9
 KNR08 S   5 51 53.8    3.3
 KNR25 P   5 51 53.8    1.9
 KNR25 S   5 51 53.8    3.4
 KNR23 P   5 51 53.8    2.3
 KNR23 S   5 51 53.8    4.1
 KNR19 P   5 51 53.8    2.5
 KNR19 S   5 51 53.8    4.5
 KNR24 P   5 51 53.8    3.0
 KNR24 S   5 51 53.8    5.4
 KNR07 P   5 51 53.8    3.2
 KNR07 S   5 51 53.8    5.6
 KNR21 P   5 51 53.8    3.2
 KNR21 S   5 51 53.8    5.7
 KNR20 P   5 51 53.8    3.5
 KNR20 S   5 51 53.8    6.2
 KNR30 P   5 51 53.8    3.6
 KNR30 S   5 51 53.8    6.4
 KNR28 P   5 51 53.8    3.7
 KNR28 S   5 51 53.8    6.6
 KNR10 P   5 51 53.8    3.9
 KNR10 S   5 51 53.8    6.9
 KNR09 P   5 51 53.8    4.3
 KNR09 S   5 51 53.8    7.7
 KNR22 P   5 51 53.8    4.3
 KNR22 S   5 51 53.8    7.7
 KNR18 P   5 51 53.8    4.8
 KNR18 S   5 51 53.8    8.5
 KNR27 P   5 51 53.8    5.6
 KNR27 S   5 51 53.8   10.0
 KNR26 P   5 51 53.8    5.6
 KNR26 S   5 51 53.8   10.0
 KNR05 P   5 51 53.8    5.7
 KNR05 S   5 51 53.8   10.1
 KNR06 P   5 51 53.8    5.7
 KNR06 S   5 51 53.8   10.1
 KNR12 P   5 51 53.8    6.6
 KNR12 S   5 51 53.8   11.7
 KNR11 P   5 51 53.8    6.6
 KNR11 S   5 51 53.8   11.8
 KNR29 P   5 51 53.8    7.1
 KNR29 S   5 51 53.8   12.5
 KNR17 P   5 51 53.8    7.0
 KNR17 S   5 51 53.8   12.5
 KNR03 P   5 51 53.8    8.8
 KNR03 S   5 51 53.8   15.6
 KNR04 P   5 51 53.8    8.7
 KNR04 S   5 51 53.8   15.5
 KNR14 P   5 51 53.8    9.2
 KNR14 S   5 51 53.8   16.3
 KNR13 P   5 51 53.8    9.2
 KNR13 S   5 51 53.8   16.4
 KNR02 P   5 51 53.8   11.2
 KNR02 S   5 51 53.8   19.8
 KNR01 P   5 51 53.8   11.2
 KNR01 S   5 51 53.8   19.9
 KNR16 P   5 51 53.8   11.5
 KNR16 S   5 51 53.8   20.5
 KNR15 S   5 51 53.8   20.5
 KNR15 P   5 51 53.8   11.6
           
     
